0 info it worked if it ends with ok
1 verbose cli [ 'node', '/usr/local/bin/npm', 'install', '-g', 'ios-deploy' ]
2 info using npm@2.7.4
3 info using node@v0.12.2
4 silly cache add args [ 'ios-deploy', null ]
5 verbose cache add spec ios-deploy
6 silly cache add parsed spec { raw: 'ios-deploy',
6 silly cache add   scope: null,
6 silly cache add   name: 'ios-deploy',
6 silly cache add   rawSpec: '',
6 silly cache add   spec: '*',
6 silly cache add   type: 'range' }
7 verbose addNamed ios-deploy@*
8 silly addNamed semver.valid null
9 silly addNamed semver.validRange *
10 silly addNameRange { name: 'ios-deploy', range: '*', hasData: false }
11 silly mapToRegistry name ios-deploy
12 silly mapToRegistry using default registry
13 silly mapToRegistry registry https://registry.npmjs.org/
14 silly mapToRegistry uri https://registry.npmjs.org/ios-deploy
15 verbose addNameRange registry:https://registry.npmjs.org/ios-deploy not in flight; fetching
16 verbose request uri https://registry.npmjs.org/ios-deploy
17 verbose request no auth needed
18 info attempt registry request try #1 at 12:19:29 PM
19 verbose request id ba02cf012b0bc243
20 verbose etag "BEW881I38BM5U9LQ4MJ64XZRQ"
21 http request GET https://registry.npmjs.org/ios-deploy
22 http 304 https://registry.npmjs.org/ios-deploy
23 silly get cb [ 304,
23 silly get   { date: 'Sun, 27 Dec 2015 14:19:31 GMT',
23 silly get     via: '1.1 varnish',
23 silly get     'cache-control': 'max-age=300',
23 silly get     etag: '"BEW881I38BM5U9LQ4MJ64XZRQ"',
23 silly get     age: '0',
23 silly get     connection: 'keep-alive',
23 silly get     'x-served-by': 'cache-jfk1029-JFK',
23 silly get     'x-cache': 'HIT',
23 silly get     'x-cache-hits': '1',
23 silly get     'x-timer': 'S1451225971.111622,VS0,VE80',
23 silly get     vary: 'Accept' } ]
24 verbose etag https://registry.npmjs.org/ios-deploy from cache
25 verbose get saving ios-deploy to /Users/wdoering/.npm/registry.npmjs.org/ios-deploy/.cache.json
26 silly addNameRange number 2 { name: 'ios-deploy', range: '*', hasData: true }
27 silly addNameRange versions [ 'ios-deploy',
27 silly addNameRange   [ '1.0.1',
27 silly addNameRange     '1.0.2',
27 silly addNameRange     '1.0.3',
27 silly addNameRange     '1.0.4',
27 silly addNameRange     '1.0.5',
27 silly addNameRange     '1.0.6',
27 silly addNameRange     '1.0.7',
27 silly addNameRange     '1.0.8',
27 silly addNameRange     '1.0.9',
27 silly addNameRange     '1.1.0',
27 silly addNameRange     '1.2.0',
27 silly addNameRange     '1.3.0',
27 silly addNameRange     '1.3.1',
27 silly addNameRange     '1.3.2',
27 silly addNameRange     '1.4.0',
27 silly addNameRange     '1.5.0',
27 silly addNameRange     '1.6.0',
27 silly addNameRange     '1.6.1',
27 silly addNameRange     '1.6.2',
27 silly addNameRange     '1.6.3',
27 silly addNameRange     '1.7.0',
27 silly addNameRange     '1.8.0',
27 silly addNameRange     '1.8.1',
27 silly addNameRange     '1.8.2',
27 silly addNameRange     '1.8.3' ] ]
28 verbose addNamed ios-deploy@1.8.3
29 silly addNamed semver.valid 1.8.3
30 silly addNamed semver.validRange 1.8.3
31 silly cache afterAdd ios-deploy@1.8.3
32 verbose afterAdd /Users/wdoering/.npm/ios-deploy/1.8.3/package/package.json not in flight; writing
33 verbose afterAdd /Users/wdoering/.npm/ios-deploy/1.8.3/package/package.json written
34 silly install resolved [ { name: 'ios-deploy',
34 silly install resolved     version: '1.8.3',
34 silly install resolved     os: [ 'darwin' ],
34 silly install resolved     description: 'launch iOS apps iOS devices from the command line (Xcode 7)',
34 silly install resolved     main: 'ios-deploy',
34 silly install resolved     scripts:
34 silly install resolved      { preinstall: './src/check_reqs.js && xcodebuild',
34 silly install resolved        test: 'npm run jshint',
34 silly install resolved        jshint: 'node node_modules/jshint/bin/jshint src' },
34 silly install resolved     bin: { 'ios-deploy': './build/Release/ios-deploy' },
34 silly install resolved     repository:
34 silly install resolved      { type: 'git',
34 silly install resolved        url: 'git+https://github.com/phonegap/ios-deploy.git' },
34 silly install resolved     devDependencies: { jshint: '2.5.8' },
34 silly install resolved     keywords: [ 'ios-deploy', 'deploy to iOS device' ],
34 silly install resolved     bugs: { url: 'https://github.com/phonegap/ios-deploy/issues' },
34 silly install resolved     author: { name: 'Greg Hughes' },
34 silly install resolved     license: 'GPLv3',
34 silly install resolved     gitHead: '551cdc58046ab51b8cc0505c01faa1722be04982',
34 silly install resolved     homepage: 'https://github.com/phonegap/ios-deploy#readme',
34 silly install resolved     _id: 'ios-deploy@1.8.3',
34 silly install resolved     _shasum: 'a796354132a65d2f57df1075d64b2d2365c857e4',
34 silly install resolved     _from: 'ios-deploy@*',
34 silly install resolved     _npmVersion: '2.14.7',
34 silly install resolved     _nodeVersion: '4.2.2',
34 silly install resolved     _npmUser: { name: 'shazron', email: 'shazron@gmail.com' },
34 silly install resolved     maintainers: [ [Object], [Object], [Object] ],
34 silly install resolved     dist:
34 silly install resolved      { shasum: 'a796354132a65d2f57df1075d64b2d2365c857e4',
34 silly install resolved        tarball: 'http://registry.npmjs.org/ios-deploy/-/ios-deploy-1.8.3.tgz' },
34 silly install resolved     directories: {},
34 silly install resolved     _resolved: 'https://registry.npmjs.org/ios-deploy/-/ios-deploy-1.8.3.tgz',
34 silly install resolved     readme: 'ERROR: No README data found!' } ]
35 info install ios-deploy@1.8.3 into /usr/local/lib
36 info installOne ios-deploy@1.8.3
37 verbose installOne of ios-deploy to /usr/local/lib not in flight; installing
38 verbose lock using /Users/wdoering/.npm/_locks/ios-deploy-198957223cd98201.lock for /usr/local/lib/node_modules/ios-deploy
39 silly install write writing ios-deploy 1.8.3 to /usr/local/lib/node_modules/ios-deploy
40 silly cache addNamed cb ios-deploy@1.8.3
41 verbose unbuild lib/node_modules/ios-deploy
42 silly gentlyRm /usr/local/lib/node_modules/ios-deploy is being purged from base /usr/local
43 verbose gentlyRm don't care about contents; nuking /usr/local/lib/node_modules/ios-deploy
44 verbose tar unpack /Users/wdoering/.npm/ios-deploy/1.8.3/package.tgz
45 verbose tar unpacking to /usr/local/lib/node_modules/ios-deploy
46 silly gentlyRm /usr/local/lib/node_modules/ios-deploy is being purged
47 verbose gentlyRm don't care about contents; nuking /usr/local/lib/node_modules/ios-deploy
48 silly gunzTarPerm modes [ '755', '644' ]
49 silly gunzTarPerm extractEntry package.json
50 silly gunzTarPerm extractEntry .npmignore
51 silly gunzTarPerm extractEntry README.md
52 silly gunzTarPerm extractEntry LICENSE
53 silly gunzTarPerm extractEntry CONTRIBUTING.md
54 silly gunzTarPerm extractEntry demo/.npmignore
55 silly gunzTarPerm extractEntry demo/Entitlements.plist
56 silly gunzTarPerm extractEntry demo/Info.plist
57 silly gunzTarPerm extractEntry demo/Makefile
58 silly gunzTarPerm extractEntry demo/ResourceRules.plist
59 silly gunzTarPerm extractEntry demo/demo.c
60 silly gunzTarPerm extractEntry ios-deploy.xcodeproj/project.pbxproj
61 silly gunzTarPerm extractEntry src/check_reqs.js
62 silly gunzTarPerm extractEntry src/MobileDevice.h
63 silly gunzTarPerm extractEntry src/errors.h
64 silly gunzTarPerm extractEntry src/ios-deploy.c
65 info preinstall ios-deploy@1.8.3
66 verbose unsafe-perm in lifecycle false
67 info ios-deploy@1.8.3 Failed to exec preinstall script
68 verbose unlock done using /Users/wdoering/.npm/_locks/ios-deploy-198957223cd98201.lock for /usr/local/lib/node_modules/ios-deploy
69 verbose stack Error: ios-deploy@1.8.3 preinstall: `./src/check_reqs.js && xcodebuild`
69 verbose stack Exit status 134
69 verbose stack     at EventEmitter.<anonymous> (/usr/local/lib/node_modules/npm/lib/utils/lifecycle.js:213:16)
69 verbose stack     at EventEmitter.emit (events.js:110:17)
69 verbose stack     at ChildProcess.<anonymous> (/usr/local/lib/node_modules/npm/lib/utils/spawn.js:14:12)
69 verbose stack     at ChildProcess.emit (events.js:110:17)
69 verbose stack     at maybeClose (child_process.js:1015:16)
69 verbose stack     at Process.ChildProcess._handle.onexit (child_process.js:1087:5)
70 verbose pkgid ios-deploy@1.8.3
71 verbose cwd /Users/wdoering/ionic/ionicWorkspace/CRM
72 error Darwin 15.2.0
73 error argv "node" "/usr/local/bin/npm" "install" "-g" "ios-deploy"
74 error node v0.12.2
75 error npm  v2.7.4
76 error code ELIFECYCLE
77 error ios-deploy@1.8.3 preinstall: `./src/check_reqs.js && xcodebuild`
77 error Exit status 134
78 error Failed at the ios-deploy@1.8.3 preinstall script './src/check_reqs.js && xcodebuild'.
78 error This is most likely a problem with the ios-deploy package,
78 error not with npm itself.
78 error Tell the author that this fails on your system:
78 error     ./src/check_reqs.js && xcodebuild
78 error You can get their info via:
78 error     npm owner ls ios-deploy
78 error There is likely additional logging output above.
79 verbose exit [ 1, true ]
80 verbose unbuild lib/node_modules/ios-deploy
81 info preuninstall ios-deploy@1.8.3
82 info uninstall ios-deploy@1.8.3
83 verbose unbuild rmStuff ios-deploy@1.8.3 from /usr/local/lib/node_modules
84 silly gentlyRm /usr/local/bin/ios-deploy is being gently removed
85 silly gentlyRm verifying /usr/local is an npm working directory
86 silly gentlyRm containing path /usr/local is under npm's control, in /usr/local
87 silly gentlyRm deletion target /usr/local/bin/ios-deploy is under /usr/local
88 verbose gentlyRm vacuuming from /usr/local/bin/ios-deploy up to /usr/local
89 info postuninstall ios-deploy@1.8.3
90 silly gentlyRm /usr/local/lib/node_modules/ios-deploy is being purged from base /usr/local
91 verbose gentlyRm don't care about contents; nuking /usr/local/lib/node_modules/ios-deploy
92 silly vacuum-fs purging /usr/local/lib/node_modules/ios-deploy
93 silly vacuum-fs quitting because other entries in /usr/local/lib/node_modules
